d:\workspace\boost_socket\pointcloudsocket.dir\debug\socketserver.obj
d:\workspace\boost_socket\pointcloudsocket.dir\debug\pointcloudsocket.obj
d:\workspace\boost_socket\pointcloudsocket.dir\debug\vc110.pdb
d:\workspace\boost_socket\cmakefiles\generate.stamp
d:\workspace\boost_socket\debug\pointcloudsocket.ilk
d:\workspace\boost_socket\debug\pointcloudsocket.exe
d:\workspace\boost_socket\debug\pointcloudsocket.pdb
d:\workspace\boost_socket\pointcloudsocket.dir\debug\cl.command.1.tlog
d:\workspace\boost_socket\pointcloudsocket.dir\debug\cl.read.1.tlog
d:\workspace\boost_socket\pointcloudsocket.dir\debug\cl.write.1.tlog
d:\workspace\boost_socket\pointcloudsocket.dir\debug\custombuild.command.1.tlog
d:\workspace\boost_socket\pointcloudsocket.dir\debug\custombuild.read.1.tlog
d:\workspace\boost_socket\pointcloudsocket.dir\debug\custombuild.write.1.tlog
d:\workspace\boost_socket\pointcloudsocket.dir\debug\link-cvtres.read.1.tlog
d:\workspace\boost_socket\pointcloudsocket.dir\debug\link-cvtres.write.1.tlog
d:\workspace\boost_socket\pointcloudsocket.dir\debug\link-rc.read.1.tlog
d:\workspace\boost_socket\pointcloudsocket.dir\debug\link-rc.write.1.tlog
d:\workspace\boost_socket\pointcloudsocket.dir\debug\link.command.1.tlog
d:\workspace\boost_socket\pointcloudsocket.dir\debug\link.read.1.tlog
d:\workspace\boost_socket\pointcloudsocket.dir\debug\link.write.1.tlog
